app/build/intermediates/manifest_merge_blame_file/release/manifest-merger-blame-release-report.txt
1<?xml version="1.0" encoding="utf-8"?>
2<manifest xmlns:android="http://schemas.android.com/apk/res/android"
3    package="com.marcelo.animalguide"
4    android:versionCode="1"
5    android:versionName="1.0" >
6
7    <uses-sdk
8        android:minSdkVersion="19"
8-->src/main/AndroidManifest.xml
9        android:targetSdkVersion="29" />
9-->src/main/AndroidManifest.xml
10
11    <uses-permission android:name="android.permission.GET_ACCOUNTS" />
11-->src/main/AndroidManifest.xml:6:5-71
11-->src/main/AndroidManifest.xml:6:22-68
12    <uses-permission android:name="android.permission.READ_PROFILE" />
12-->src/main/AndroidManifest.xml:7:5-71
12-->src/main/AndroidManifest.xml:7:22-68
13    <uses-permission android:name="android.permission.READ_CONTACTS" />
13-->src/main/AndroidManifest.xml:8:5-72
13-->src/main/AndroidManifest.xml:8:22-69
14    <uses-permission android:name="android.permission.ACCESS_NETWORK_STATE" />
14-->src/main/AndroidManifest.xml:9:5-79
14-->src/main/AndroidManifest.xml:9:22-76
15    <uses-permission android:name="android.permission.INTERNET" />
15-->src/main/AndroidManifest.xml:10:5-67
15-->src/main/AndroidManifest.xml:10:22-64
16    <uses-permission android:name="android.permission.READ_EXTERNAL_STORAGE" />
16-->src/main/AndroidManifest.xml:11:5-80
16-->src/main/AndroidManifest.xml:11:22-77
17    <uses-permission android:name="android.permission.WRITE_EXTERNAL_STORAGE" />
17-->src/main/AndroidManifest.xml:12:5-81
17-->src/main/AndroidManifest.xml:12:22-78
18    <uses-permission android:name="android.permission.CAMERA" />
18-->src/main/AndroidManifest.xml:13:5-65
18-->src/main/AndroidManifest.xml:13:22-62
19    <uses-permission android:name="android.permission.ACCESS_FINE_LOCATION" />
19-->[com.google.android.libraries.places:places:2.0.0] AndroidManifest.xml:9:5-79
19-->[com.google.android.libraries.places:places:2.0.0] AndroidManifest.xml:9:22-76
20    <uses-permission android:name="android.permission.ACCESS_WIFI_STATE" />
20-->[com.google.android.libraries.places:places:2.0.0] AndroidManifest.xml:10:5-76
20-->[com.google.android.libraries.places:places:2.0.0] AndroidManifest.xml:10:22-73
21
22    <uses-feature
22-->[com.google.android.gms:play-services-maps:17.0.0] AndroidManifest.xml:26:5-28:35
23        android:glEsVersion="0x00020000"
23-->[com.google.android.gms:play-services-maps:17.0.0] AndroidManifest.xml:27:9-41
24        android:required="true" />
24-->[com.google.android.gms:play-services-maps:17.0.0] AndroidManifest.xml:28:9-32
25
26    <uses-permission android:name="android.permission.WAKE_LOCK" /> <!-- Required by older versions of Google Play services to create IID tokens -->
26-->[com.google.android.gms:play-services-measurement-api:17.0.1] AndroidManifest.xml:24:5-68
26-->[com.google.android.gms:play-services-measurement-api:17.0.1] AndroidManifest.xml:24:22-65
27    <uses-permission android:name="com.google.android.c2dm.permission.RECEIVE" />
27-->[com.google.firebase:firebase-iid:19.0.0] AndroidManifest.xml:26:5-82
27-->[com.google.firebase:firebase-iid:19.0.0] AndroidManifest.xml:26:22-79
28    <uses-permission android:name="com.google.android.finsky.permission.BIND_GET_INSTALL_REFERRER_SERVICE" />
28-->[com.google.android.gms:play-services-measurement:17.0.1] AndroidManifest.xml:26:5-110
28-->[com.google.android.gms:play-services-measurement:17.0.1] AndroidManifest.xml:26:22-107
29
30    <application
30-->src/main/AndroidManifest.xml:15:5-42:19
31        android:name="androidx.multidex.MultiDexApplication"
32        android:allowBackup="true"
32-->src/main/AndroidManifest.xml:16:9-35
33        android:appComponentFactory="androidx.core.app.CoreComponentFactory"
33-->[androidx.core:core:1.0.2] AndroidManifest.xml:22:18-86
34        android:label="@string/app_name"
34-->src/main/AndroidManifest.xml:17:9-41
35        android:supportsRtl="true"
35-->src/main/AndroidManifest.xml:18:9-35
36        android:theme="@style/AppTheme" >
36-->src/main/AndroidManifest.xml:19:9-40
37        <activity android:name="com.marcelo.animalguide.activitys.MainActivity" />
37-->src/main/AndroidManifest.xml:21:9-60
37-->src/main/AndroidManifest.xml:21:19-57
38        <activity
38-->src/main/AndroidManifest.xml:22:9-24:70
39            android:name="com.marcelo.animalguide.registers.RegisterONGActivity"
39-->src/main/AndroidManifest.xml:23:13-58
40            android:parentActivityName="com.marcelo.animalguide.activitys.ChooseActivity" />
40-->src/main/AndroidManifest.xml:24:13-67
41        <activity
41-->src/main/AndroidManifest.xml:25:9-27:70
42            android:name="com.marcelo.animalguide.registers.RegisterVeterinaryActivity"
42-->src/main/AndroidManifest.xml:26:13-65
43            android:parentActivityName="com.marcelo.animalguide.activitys.ChooseActivity" />
43-->src/main/AndroidManifest.xml:27:13-67
44        <activity
44-->src/main/AndroidManifest.xml:28:9-30:70
45            android:name="com.marcelo.animalguide.registers.RegisterStudentActivity"
45-->src/main/AndroidManifest.xml:29:13-62
46            android:parentActivityName="com.marcelo.animalguide.activitys.ChooseActivity" />
46-->src/main/AndroidManifest.xml:30:13-67
47        <activity
47-->src/main/AndroidManifest.xml:31:9-33:70
48            android:name="com.marcelo.animalguide.registers.RegisterOwnerActivity"
48-->src/main/AndroidManifest.xml:32:13-60
49            android:parentActivityName="com.marcelo.animalguide.activitys.ChooseActivity" />
49-->src/main/AndroidManifest.xml:33:13-67
50        <activity android:name="com.marcelo.animalguide.activitys.ChooseActivity" />
50-->src/main/AndroidManifest.xml:34:9-62
50-->src/main/AndroidManifest.xml:34:19-59
51        <activity android:name="com.marcelo.animalguide.activitys.LoginActivity" >
51-->src/main/AndroidManifest.xml:35:9-41:20
51-->src/main/AndroidManifest.xml:35:19-58
52            <intent-filter>
52-->src/main/AndroidManifest.xml:36:13-40:29
53                <action android:name="android.intent.action.MAIN" />
53-->src/main/AndroidManifest.xml:37:17-69
53-->src/main/AndroidManifest.xml:37:25-66
54
55                <category android:name="android.intent.category.LAUNCHER" />
55-->src/main/AndroidManifest.xml:39:17-77
55-->src/main/AndroidManifest.xml:39:27-74
56            </intent-filter>
57        </activity>
58
59        <meta-data
59-->[com.firebaseui:firebase-ui-auth:0.6.0] AndroidManifest.xml:13:9-15:69
60            android:name="com.google.android.gms.version"
60-->[com.firebaseui:firebase-ui-auth:0.6.0] AndroidManifest.xml:14:13-58
61            android:value="@integer/google_play_services_version" />
61-->[com.firebaseui:firebase-ui-auth:0.6.0] AndroidManifest.xml:15:13-66
62
63        <activity
63-->[com.firebaseui:firebase-ui-auth:0.6.0] AndroidManifest.xml:17:9-20:56
64            android:name="com.firebase.ui.auth.ui.email.ConfirmRecoverPasswordActivity"
64-->[com.firebaseui:firebase-ui-auth:0.6.0] AndroidManifest.xml:18:13-88
65            android:label="@string/title_confirm_recover_password_activity"
65-->[com.firebaseui:firebase-ui-auth:0.6.0] AndroidManifest.xml:19:13-76
66            android:theme="@style/FirebaseUI.Dialog" />
66-->[com.firebaseui:firebase-ui-auth:0.6.0] AndroidManifest.xml:20:13-53
67        <activity
67-->[com.firebaseui:firebase-ui-auth:0.6.0] AndroidManifest.xml:21:9-24:61
68            android:name="com.firebase.ui.auth.ui.email.EmailHintContainerActivity"
68-->[com.firebaseui:firebase-ui-auth:0.6.0] AndroidManifest.xml:22:13-84
69            android:label="@string/default_toolbar_title"
69-->[com.firebaseui:firebase-ui-auth:0.6.0] AndroidManifest.xml:23:13-58
70            android:theme="@style/FirebaseUI.Translucent" />
70-->[com.firebaseui:firebase-ui-auth:0.6.0] AndroidManifest.xml:24:13-58
71        <activity
71-->[com.firebaseui:firebase-ui-auth:0.6.0] AndroidManifest.xml:25:9-28:49
72            android:name="com.firebase.ui.auth.ui.email.RecoverPasswordActivity"
72-->[com.firebaseui:firebase-ui-auth:0.6.0] AndroidManifest.xml:26:13-81
73            android:label="@string/title_recover_password_activity"
73-->[com.firebaseui:firebase-ui-auth:0.6.0] AndroidManifest.xml:27:13-68
74            android:theme="@style/FirebaseUI" />
74-->[com.firebaseui:firebase-ui-auth:0.6.0] AndroidManifest.xml:28:13-46
75        <activity
75-->[com.firebaseui:firebase-ui-auth:0.6.0] AndroidManifest.xml:29:9-32:49
76            android:name="com.firebase.ui.auth.ui.email.RegisterEmailActivity"
76-->[com.firebaseui:firebase-ui-auth:0.6.0] AndroidManifest.xml:30:13-79
77            android:label="@string/title_register_email_activity"
77-->[com.firebaseui:firebase-ui-auth:0.6.0] AndroidManifest.xml:31:13-66
78            android:theme="@style/FirebaseUI" />
78-->[com.firebaseui:firebase-ui-auth:0.6.0] AndroidManifest.xml:32:13-46
79        <activity
79-->[com.firebaseui:firebase-ui-auth:0.6.0] AndroidManifest.xml:33:9-36:49
80            android:name="com.firebase.ui.auth.ui.email.SignInNoPasswordActivity"
80-->[com.firebaseui:firebase-ui-auth:0.6.0] AndroidManifest.xml:34:13-82
81            android:label="@string/title_sign_in_no_password_activity"
81-->[com.firebaseui:firebase-ui-auth:0.6.0] AndroidManifest.xml:35:13-71
82            android:theme="@style/FirebaseUI" />
82-->[com.firebaseui:firebase-ui-auth:0.6.0] AndroidManifest.xml:36:13-46
83        <activity
83-->[com.firebaseui:firebase-ui-auth:0.6.0] AndroidManifest.xml:37:9-40:49
84            android:name="com.firebase.ui.auth.ui.email.SignInActivity"
84-->[com.firebaseui:firebase-ui-auth:0.6.0] AndroidManifest.xml:38:13-72
85            android:label="@string/title_sign_in_activity"
85-->[com.firebaseui:firebase-ui-auth:0.6.0] AndroidManifest.xml:39:13-59
86            android:theme="@style/FirebaseUI" />
86-->[com.firebaseui:firebase-ui-auth:0.6.0] AndroidManifest.xml:40:13-46
87        <activity
87-->[com.firebaseui:firebase-ui-auth:0.6.0] AndroidManifest.xml:41:9-44:61
88            android:name="com.firebase.ui.auth.ui.account_link.SaveCredentialsActivity"
88-->[com.firebaseui:firebase-ui-auth:0.6.0] AndroidManifest.xml:42:13-88
89            android:label="@string/default_toolbar_title"
89-->[com.firebaseui:firebase-ui-auth:0.6.0] AndroidManifest.xml:43:13-58
90            android:theme="@style/FirebaseUI.Translucent" />
90-->[com.firebaseui:firebase-ui-auth:0.6.0] AndroidManifest.xml:44:13-58
91        <activity
91-->[com.firebaseui:firebase-ui-auth:0.6.0] AndroidManifest.xml:45:9-48:49
92            android:name="com.firebase.ui.auth.ui.account_link.WelcomeBackIDPPrompt"
92-->[com.firebaseui:firebase-ui-auth:0.6.0] AndroidManifest.xml:46:13-85
93            android:label="@string/title_welcome_back_idp_prompt"
93-->[com.firebaseui:firebase-ui-auth:0.6.0] AndroidManifest.xml:47:13-66
94            android:theme="@style/FirebaseUI" />
94-->[com.firebaseui:firebase-ui-auth:0.6.0] AndroidManifest.xml:48:13-46
95        <activity
95-->[com.firebaseui:firebase-ui-auth:0.6.0] AndroidManifest.xml:49:9-52:49
96            android:name="com.firebase.ui.auth.ui.account_link.WelcomeBackPasswordPrompt"
96-->[com.firebaseui:firebase-ui-auth:0.6.0] AndroidManifest.xml:50:13-90
97            android:label="@string/title_welcome_back_password_prompt"
97-->[com.firebaseui:firebase-ui-auth:0.6.0] AndroidManifest.xml:51:13-71
98            android:theme="@style/FirebaseUI" />
98-->[com.firebaseui:firebase-ui-auth:0.6.0] AndroidManifest.xml:52:13-46
99        <activity
99-->[com.firebaseui:firebase-ui-auth:0.6.0] AndroidManifest.xml:53:9-56:49
100            android:name="com.firebase.ui.auth.ui.idp.AuthMethodPickerActivity"
100-->[com.firebaseui:firebase-ui-auth:0.6.0] AndroidManifest.xml:54:13-80
101            android:label="@string/default_toolbar_title"
101-->[com.firebaseui:firebase-ui-auth:0.6.0] AndroidManifest.xml:55:13-58
102            android:theme="@style/FirebaseUI" />
102-->[com.firebaseui:firebase-ui-auth:0.6.0] AndroidManifest.xml:56:13-46
103        <activity
103-->[com.firebaseui:firebase-ui-auth:0.6.0] AndroidManifest.xml:57:9-60:61
104            android:name="com.firebase.ui.auth.ui.idp.IDPSignInContainerActivity"
104-->[com.firebaseui:firebase-ui-auth:0.6.0] AndroidManifest.xml:58:13-82
105            android:label="@string/default_toolbar_title"
105-->[com.firebaseui:firebase-ui-auth:0.6.0] AndroidManifest.xml:59:13-58
106            android:theme="@style/FirebaseUI.Translucent" />
106-->[com.firebaseui:firebase-ui-auth:0.6.0] AndroidManifest.xml:60:13-58
107        <activity
107-->[com.firebaseui:firebase-ui-auth:0.6.0] AndroidManifest.xml:61:9-64:61
108            android:name="com.firebase.ui.auth.ui.ChooseAccountActivity"
108-->[com.firebaseui:firebase-ui-auth:0.6.0] AndroidManifest.xml:62:13-73
109            android:label="@string/default_toolbar_title"
109-->[com.firebaseui:firebase-ui-auth:0.6.0] AndroidManifest.xml:63:13-58
110            android:theme="@style/FirebaseUI.Translucent" />
110-->[com.firebaseui:firebase-ui-auth:0.6.0] AndroidManifest.xml:64:13-58
111        <activity
111-->[com.firebaseui:firebase-ui-auth:0.6.0] AndroidManifest.xml:65:9-70:45
112            android:name="com.facebook.FacebookActivity"
112-->[com.firebaseui:firebase-ui-auth:0.6.0] AndroidManifest.xml:66:13-57
113            android:configChanges="keyboard|keyboardHidden|screenLayout|screenSize|orientation"
113-->[com.firebaseui:firebase-ui-auth:0.6.0] AndroidManifest.xml:67:13-96
114            android:label="@string/app_name"
114-->[com.firebaseui:firebase-ui-auth:0.6.0] AndroidManifest.xml:68:13-45
115            android:theme="@style/FirebaseUI.Translucent" />
115-->[com.firebaseui:firebase-ui-auth:0.6.0] AndroidManifest.xml:69:13-58
116        <activity
116-->[com.firebaseui:firebase-ui-auth:0.6.0] AndroidManifest.xml:71:9-82:20
117            android:name="com.facebook.CustomTabActivity"
117-->[com.firebaseui:firebase-ui-auth:0.6.0] AndroidManifest.xml:72:13-58
118            android:exported="true" >
118-->[com.firebaseui:firebase-ui-auth:0.6.0] AndroidManifest.xml:73:13-36
119            <intent-filter>
119-->[com.firebaseui:firebase-ui-auth:0.6.0] AndroidManifest.xml:74:13-81:29
120                <action android:name="android.intent.action.VIEW" />
120-->[com.firebaseui:firebase-ui-auth:0.6.0] AndroidManifest.xml:75:17-69
120-->[com.firebaseui:firebase-ui-auth:0.6.0] AndroidManifest.xml:75:25-66
121
122                <category android:name="android.intent.category.DEFAULT" />
122-->[com.firebaseui:firebase-ui-auth:0.6.0] AndroidManifest.xml:77:17-76
122-->[com.firebaseui:firebase-ui-auth:0.6.0] AndroidManifest.xml:77:27-73
123                <category android:name="android.intent.category.BROWSABLE" />
123-->[com.firebaseui:firebase-ui-auth:0.6.0] AndroidManifest.xml:78:17-78
123-->[com.firebaseui:firebase-ui-auth:0.6.0] AndroidManifest.xml:78:27-75
124
125                <data android:scheme="@string/facebook_login_protocol_scheme" />
125-->[com.firebaseui:firebase-ui-auth:0.6.0] AndroidManifest.xml:80:17-81
125-->[com.firebaseui:firebase-ui-auth:0.6.0] AndroidManifest.xml:80:23-78
126            </intent-filter>
127        </activity>
128        <activity
128-->[com.google.firebase:firebase-auth:18.1.0] AndroidManifest.xml:24:9-31:50
129            android:name="com.google.firebase.auth.internal.FederatedSignInActivity"
129-->[com.google.firebase:firebase-auth:18.1.0] AndroidManifest.xml:25:13-85
130            android:excludeFromRecents="true"
130-->[com.google.firebase:firebase-auth:18.1.0] AndroidManifest.xml:26:13-46
131            android:exported="true"
131-->[com.google.firebase:firebase-auth:18.1.0] AndroidManifest.xml:27:13-36
132            android:launchMode="singleTask"
132-->[com.google.firebase:firebase-auth:18.1.0] AndroidManifest.xml:28:13-44
133            android:permission="com.google.firebase.auth.api.gms.permission.LAUNCH_FEDERATED_SIGN_IN"
133-->[com.google.firebase:firebase-auth:18.1.0] AndroidManifest.xml:29:13-102
134            android:theme="@android:style/Theme.Translucent.NoTitleBar" />
134-->[com.google.firebase:firebase-auth:18.1.0] AndroidManifest.xml:30:13-72
135
136        <service
136-->[com.google.firebase:firebase-auth:18.1.0] AndroidManifest.xml:33:9-39:19
137            android:name="com.google.firebase.components.ComponentDiscoveryService"
137-->[com.google.firebase:firebase-auth:18.1.0] AndroidManifest.xml:34:13-84
138            android:exported="false" >
138-->[com.google.firebase:firebase-auth:18.1.0] AndroidManifest.xml:35:13-37
139            <meta-data
139-->[com.google.firebase:firebase-auth:18.1.0] AndroidManifest.xml:36:13-38:85
140                android:name="com.google.firebase.components:com.google.firebase.auth.FirebaseAuthRegistrar"
140-->[com.google.firebase:firebase-auth:18.1.0] AndroidManifest.xml:37:17-109
141                android:value="com.google.firebase.components.ComponentRegistrar" />
141-->[com.google.firebase:firebase-auth:18.1.0] AndroidManifest.xml:38:17-82
142            <meta-data
142-->[com.google.firebase:firebase-database:18.0.1] AndroidManifest.xml:32:13-34:85
143                android:name="com.google.firebase.components:com.google.firebase.database.DatabaseRegistrar"
143-->[com.google.firebase:firebase-database:18.0.1] AndroidManifest.xml:33:17-109
144                android:value="com.google.firebase.components.ComponentRegistrar" />
144-->[com.google.firebase:firebase-database:18.0.1] AndroidManifest.xml:34:17-82
145            <meta-data
145-->[com.google.firebase:firebase-storage:18.1.1] AndroidManifest.xml:33:13-35:85
146                android:name="com.google.firebase.components:com.google.firebase.storage.StorageRegistrar"
146-->[com.google.firebase:firebase-storage:18.1.1] AndroidManifest.xml:34:17-107
147                android:value="com.google.firebase.components.ComponentRegistrar" />
147-->[com.google.firebase:firebase-storage:18.1.1] AndroidManifest.xml:35:17-82
148            <meta-data
148-->[com.google.android.gms:play-services-measurement-api:17.0.1] AndroidManifest.xml:30:13-32:85
149                android:name="com.google.firebase.components:com.google.firebase.analytics.connector.internal.AnalyticsConnectorRegistrar"
149-->[com.google.android.gms:play-services-measurement-api:17.0.1] AndroidManifest.xml:31:17-139
150                android:value="com.google.firebase.components.ComponentRegistrar" />
150-->[com.google.android.gms:play-services-measurement-api:17.0.1] AndroidManifest.xml:32:17-82
151            <meta-data
151-->[com.google.firebase:firebase-iid:19.0.0] AndroidManifest.xml:32:13-34:85
152                android:name="com.google.firebase.components:com.google.firebase.iid.Registrar"
152-->[com.google.firebase:firebase-iid:19.0.0] AndroidManifest.xml:33:17-96
153                android:value="com.google.firebase.components.ComponentRegistrar" />
153-->[com.google.firebase:firebase-iid:19.0.0] AndroidManifest.xml:34:17-82
154        </service>
155
156        <activity
156-->[com.google.android.gms:play-services-auth:17.0.0] AndroidManifest.xml:23:9-27:75
157            android:name="com.google.android.gms.auth.api.signin.internal.SignInHubActivity"
157-->[com.google.android.gms:play-services-auth:17.0.0] AndroidManifest.xml:24:13-93
158            android:excludeFromRecents="true"
158-->[com.google.android.gms:play-services-auth:17.0.0] AndroidManifest.xml:25:13-46
159            android:exported="false"
159-->[com.google.android.gms:play-services-auth:17.0.0] AndroidManifest.xml:26:13-37
160            android:theme="@android:style/Theme.Translucent.NoTitleBar" />
160-->[com.google.android.gms:play-services-auth:17.0.0] AndroidManifest.xml:27:13-72
161        <!--
162            Service handling Google Sign-In user revocation. For apps that do not integrate with
163            Google Sign-In, this service will never be started.
164        -->
165        <service
165-->[com.google.android.gms:play-services-auth:17.0.0] AndroidManifest.xml:33:9-36:110
166            android:name="com.google.android.gms.auth.api.signin.RevocationBoundService"
166-->[com.google.android.gms:play-services-auth:17.0.0] AndroidManifest.xml:34:13-89
167            android:exported="true"
167-->[com.google.android.gms:play-services-auth:17.0.0] AndroidManifest.xml:35:13-36
168            android:permission="com.google.android.gms.auth.api.signin.permission.REVOCATION_NOTIFICATION" /> <!-- Autocomplete -->
168-->[com.google.android.gms:play-services-auth:17.0.0] AndroidManifest.xml:36:13-107
169        <activity
169-->[com.google.android.libraries.places:places:2.0.0] AndroidManifest.xml:16:9-23:20
170            android:name="com.google.android.libraries.places.widget.AutocompleteActivity"
170-->[com.google.android.libraries.places:places:2.0.0] AndroidManifest.xml:17:13-91
171            android:exported="false"
171-->[com.google.android.libraries.places:places:2.0.0] AndroidManifest.xml:18:13-37
172            android:hardwareAccelerated="true"
172-->[com.google.android.libraries.places:places:2.0.0] AndroidManifest.xml:19:13-47
173            android:label="@string/places_autocomplete_label"
173-->[com.google.android.libraries.places:places:2.0.0] AndroidManifest.xml:20:13-62
174            android:theme="@style/PlacesAutocompleteThemeOverlay"
174-->[com.google.android.libraries.places:places:2.0.0] AndroidManifest.xml:21:13-66
175            android:windowSoftInputMode="stateAlwaysVisible|adjustPan" >
175-->[com.google.android.libraries.places:places:2.0.0] AndroidManifest.xml:22:13-71
176        </activity>
177
178        <provider
178-->[com.squareup.picasso:picasso:2.71828] AndroidManifest.xml:8:9-11:40
179            android:name="com.squareup.picasso.PicassoProvider"
179-->[com.squareup.picasso:picasso:2.71828] AndroidManifest.xml:9:13-64
180            android:authorities="com.marcelo.animalguide.com.squareup.picasso"
180-->[com.squareup.picasso:picasso:2.71828] AndroidManifest.xml:10:13-72
181            android:exported="false" /> <!-- Needs to be explicitly declared on P+ -->
181-->[com.squareup.picasso:picasso:2.71828] AndroidManifest.xml:11:13-37
182        <uses-library
182-->[com.google.android.gms:play-services-maps:17.0.0] AndroidManifest.xml:33:9-35:40
183            android:name="org.apache.http.legacy"
183-->[com.google.android.gms:play-services-maps:17.0.0] AndroidManifest.xml:34:13-50
184            android:required="false" />
184-->[com.google.android.gms:play-services-maps:17.0.0] AndroidManifest.xml:35:13-37
185
186        <receiver
186-->[com.google.firebase:firebase-iid:19.0.0] AndroidManifest.xml:37:9-44:20
187            android:name="com.google.firebase.iid.FirebaseInstanceIdReceiver"
187-->[com.google.firebase:firebase-iid:19.0.0] AndroidManifest.xml:38:13-78
188            android:exported="true"
188-->[com.google.firebase:firebase-iid:19.0.0] AndroidManifest.xml:39:13-36
189            android:permission="com.google.android.c2dm.permission.SEND" >
189-->[com.google.firebase:firebase-iid:19.0.0] AndroidManifest.xml:40:13-73
190            <intent-filter>
190-->[com.google.firebase:firebase-iid:19.0.0] AndroidManifest.xml:41:13-43:29
191                <action android:name="com.google.android.c2dm.intent.RECEIVE" />
191-->[com.google.firebase:firebase-iid:19.0.0] AndroidManifest.xml:42:17-81
191-->[com.google.firebase:firebase-iid:19.0.0] AndroidManifest.xml:42:25-78
192            </intent-filter>
193        </receiver>
194
195        <activity
195-->[com.google.android.gms:play-services-base:17.0.0] AndroidManifest.xml:23:9-26:75
196            android:name="com.google.android.gms.common.api.GoogleApiActivity"
196-->[com.google.android.gms:play-services-base:17.0.0] AndroidManifest.xml:24:13-79
197            android:exported="false"
197-->[com.google.android.gms:play-services-base:17.0.0] AndroidManifest.xml:25:13-37
198            android:theme="@android:style/Theme.Translucent.NoTitleBar" />
198-->[com.google.android.gms:play-services-base:17.0.0] AndroidManifest.xml:26:13-72
199
200        <provider
200-->[com.google.firebase:firebase-common:18.0.0] AndroidManifest.xml:12:9-16:39
201            android:name="com.google.firebase.provider.FirebaseInitProvider"
201-->[com.google.firebase:firebase-common:18.0.0] AndroidManifest.xml:13:13-77
202            android:authorities="com.marcelo.animalguide.firebaseinitprovider"
202-->[com.google.firebase:firebase-common:18.0.0] AndroidManifest.xml:14:13-72
203            android:exported="false"
203-->[com.google.firebase:firebase-common:18.0.0] AndroidManifest.xml:15:13-37
204            android:initOrder="100" />
204-->[com.google.firebase:firebase-common:18.0.0] AndroidManifest.xml:16:13-36
205
206        <receiver
206-->[com.google.android.gms:play-services-measurement:17.0.1] AndroidManifest.xml:29:9-33:20
207            android:name="com.google.android.gms.measurement.AppMeasurementReceiver"
207-->[com.google.android.gms:play-services-measurement:17.0.1] AndroidManifest.xml:30:13-85
208            android:enabled="true"
208-->[com.google.android.gms:play-services-measurement:17.0.1] AndroidManifest.xml:31:13-35
209            android:exported="false" >
209-->[com.google.android.gms:play-services-measurement:17.0.1] AndroidManifest.xml:32:13-37
210        </receiver>
211        <receiver
211-->[com.google.android.gms:play-services-measurement:17.0.1] AndroidManifest.xml:34:9-42:20
212            android:name="com.google.android.gms.measurement.AppMeasurementInstallReferrerReceiver"
212-->[com.google.android.gms:play-services-measurement:17.0.1] AndroidManifest.xml:35:13-100
213            android:enabled="true"
213-->[com.google.android.gms:play-services-measurement:17.0.1] AndroidManifest.xml:36:13-35
214            android:exported="true"
214-->[com.google.android.gms:play-services-measurement:17.0.1] AndroidManifest.xml:37:13-36
215            android:permission="android.permission.INSTALL_PACKAGES" >
215-->[com.google.android.gms:play-services-measurement:17.0.1] AndroidManifest.xml:38:13-69
216            <intent-filter>
216-->[com.google.android.gms:play-services-measurement:17.0.1] AndroidManifest.xml:39:13-41:29
217                <action android:name="com.android.vending.INSTALL_REFERRER" />
217-->[com.google.android.gms:play-services-measurement:17.0.1] AndroidManifest.xml:40:17-79
217-->[com.google.android.gms:play-services-measurement:17.0.1] AndroidManifest.xml:40:25-76
218            </intent-filter>
219        </receiver>
220
221        <service
221-->[com.google.android.gms:play-services-measurement:17.0.1] AndroidManifest.xml:44:9-47:40
222            android:name="com.google.android.gms.measurement.AppMeasurementService"
222-->[com.google.android.gms:play-services-measurement:17.0.1] AndroidManifest.xml:45:13-84
223            android:enabled="true"
223-->[com.google.android.gms:play-services-measurement:17.0.1] AndroidManifest.xml:46:13-35
224            android:exported="false" />
224-->[com.google.android.gms:play-services-measurement:17.0.1] AndroidManifest.xml:47:13-37
225        <service
225-->[com.google.android.gms:play-services-measurement:17.0.1] AndroidManifest.xml:48:9-52:72
226            android:name="com.google.android.gms.measurement.AppMeasurementJobService"
226-->[com.google.android.gms:play-services-measurement:17.0.1] AndroidManifest.xml:49:13-87
227            android:enabled="true"
227-->[com.google.android.gms:play-services-measurement:17.0.1] AndroidManifest.xml:50:13-35
228            android:exported="false"
228-->[com.google.android.gms:play-services-measurement:17.0.1] AndroidManifest.xml:51:13-37
229            android:permission="android.permission.BIND_JOB_SERVICE" />
229-->[com.google.android.gms:play-services-measurement:17.0.1] AndroidManifest.xml:52:13-69
230    </application>
231
232</manifest>